Mensaje I / 00:00:00:000 / Root(00) para top(01)
Mensaje I / 00:00:00:000 / top(01) para assembling(02)
Mensaje D / 00:00:00:000 / assembling(02) / ... para top(01)
Mensaje D / 00:00:00:000 / top(01) / ... para Root(00)
Mensaje X / 00:00:00:000 / Root(00) / ain /      1.00000 para top(01)
Mensaje X / 00:00:00:000 / top(01) / ain /      1.00000 para assembling(02)
Mensaje D / 00:00:00:000 / assembling(02) / 04:00:00:000 para top(01)
Mensaje D / 00:00:00:000 / top(01) / 04:00:00:000 para Root(00)
Mensaje * / 04:00:00:000 / Root(00) para top(01)
Mensaje * / 04:00:00:000 / top(01) para assembling(02)
Mensaje Y / 04:00:00:000 / assembling(02) / aout1 /      1.00000 para top(01)
Mensaje Y / 04:00:00:000 / assembling(02) / aout2 /      1.00000 para top(01)
Mensaje D / 04:00:00:000 / assembling(02) / ... para top(01)
Mensaje Y / 04:00:00:000 / top(01) / aout1 /      1.00000 para Root(00)
Mensaje Y / 04:00:00:000 / top(01) / aout2 /      1.00000 para Root(00)
Mensaje D / 04:00:00:000 / top(01) / ... para Root(00)
Mensaje X / 04:30:00:000 / Root(00) / ain /      1.00000 para top(01)
Mensaje X / 04:30:00:000 / top(01) / ain /      1.00000 para assembling(02)
Mensaje D / 04:30:00:000 / assembling(02) / 04:00:00:000 para top(01)
Mensaje D / 04:30:00:000 / top(01) / 04:00:00:000 para Root(00)
Mensaje * / 08:30:00:000 / Root(00) para top(01)
Mensaje * / 08:30:00:000 / top(01) para assembling(02)
Mensaje Y / 08:30:00:000 / assembling(02) / aout1 /      1.00000 para top(01)
Mensaje Y / 08:30:00:000 / assembling(02) / aout2 /      1.00000 para top(01)
Mensaje D / 08:30:00:000 / assembling(02) / ... para top(01)
Mensaje Y / 08:30:00:000 / top(01) / aout1 /      1.00000 para Root(00)
Mensaje Y / 08:30:00:000 / top(01) / aout2 /      1.00000 para Root(00)
Mensaje D / 08:30:00:000 / top(01) / ... para Root(00)
