Mensaje I / 00:00:00:000 / Root(00) para top(01)
Mensaje I / 00:00:00:000 / top(01) para preprocessing(02)
Mensaje I / 00:00:00:000 / top(01) para assembling(03)
Mensaje D / 00:00:00:000 / preprocessing(02) / ... para top(01)
Mensaje D / 00:00:00:000 / assembling(03) / ... para top(01)
Mensaje D / 00:00:00:000 / top(01) / ... para Root(00)
Mensaje X / 00:00:00:000 / Root(00) / min /      1.00000 para top(01)
Mensaje X / 00:00:00:000 / top(01) / pin1 /      1.00000 para preprocessing(02)
Mensaje D / 00:00:00:000 / preprocessing(02) / 00:30:00:000 para top(01)
Mensaje D / 00:00:00:000 / top(01) / 00:30:00:000 para Root(00)
Mensaje * / 00:30:00:000 / Root(00) para top(01)
Mensaje * / 00:30:00:000 / top(01) para preprocessing(02)
Mensaje Y / 00:30:00:000 / preprocessing(02) / pout1 /      1.00000 para top(01)
Mensaje D / 00:30:00:000 / preprocessing(02) / ... para top(01)
Mensaje X / 00:30:00:000 / top(01) / ain /      1.00000 para assembling(03)
Mensaje D / 00:30:00:000 / assembling(03) / 04:00:00:000 para top(01)
Mensaje D / 00:30:00:000 / top(01) / 04:00:00:000 para Root(00)
Mensaje X / 01:00:00:000 / Root(00) / min /      1.00000 para top(01)
Mensaje X / 01:00:00:000 / top(01) / pin1 /      1.00000 para preprocessing(02)
Mensaje D / 01:00:00:000 / preprocessing(02) / 00:30:00:000 para top(01)
Mensaje D / 01:00:00:000 / top(01) / 00:30:00:000 para Root(00)
Mensaje * / 01:30:00:000 / Root(00) para top(01)
Mensaje * / 01:30:00:000 / top(01) para preprocessing(02)
Mensaje D / 01:30:00:000 / preprocessing(02) / ... para top(01)
Mensaje D / 01:30:00:000 / top(01) / 03:00:00:000 para Root(00)
Mensaje X / 02:00:00:000 / Root(00) / min /      1.00000 para top(01)
Mensaje X / 02:00:00:000 / top(01) / pin1 /      1.00000 para preprocessing(02)
Mensaje D / 02:00:00:000 / preprocessing(02) / 00:00:00:000 para top(01)
Mensaje D / 02:00:00:000 / top(01) / 00:00:00:000 para Root(00)
Mensaje * / 02:00:00:000 / Root(00) para top(01)
Mensaje * / 02:00:00:000 / top(01) para preprocessing(02)
Mensaje Y / 02:00:00:000 / preprocessing(02) / pout2 /     -1.00000 para top(01)
Mensaje D / 02:00:00:000 / preprocessing(02) / 00:30:00:000 para top(01)
Mensaje Y / 02:00:00:000 / top(01) / mout2 /     -1.00000 para Root(00)
Mensaje D / 02:00:00:000 / top(01) / 00:30:00:000 para Root(00)
Mensaje * / 02:30:00:000 / Root(00) para top(01)
Mensaje * / 02:30:00:000 / top(01) para preprocessing(02)
Mensaje D / 02:30:00:000 / preprocessing(02) / ... para top(01)
Mensaje D / 02:30:00:000 / top(01) / 02:00:00:000 para Root(00)
Mensaje X / 03:00:00:000 / Root(00) / min /      1.00000 para top(01)
Mensaje X / 03:00:00:000 / top(01) / pin1 /      1.00000 para preprocessing(02)
Mensaje D / 03:00:00:000 / preprocessing(02) / 00:00:00:000 para top(01)
Mensaje D / 03:00:00:000 / top(01) / 00:00:00:000 para Root(00)
Mensaje * / 03:00:00:000 / Root(00) para top(01)
Mensaje * / 03:00:00:000 / top(01) para preprocessing(02)
Mensaje Y / 03:00:00:000 / preprocessing(02) / pout2 /     -1.00000 para top(01)
Mensaje D / 03:00:00:000 / preprocessing(02) / 00:30:00:000 para top(01)
Mensaje Y / 03:00:00:000 / top(01) / mout2 /     -1.00000 para Root(00)
Mensaje D / 03:00:00:000 / top(01) / 00:30:00:000 para Root(00)
Mensaje * / 03:30:00:000 / Root(00) para top(01)
Mensaje * / 03:30:00:000 / top(01) para preprocessing(02)
Mensaje D / 03:30:00:000 / preprocessing(02) / ... para top(01)
Mensaje D / 03:30:00:000 / top(01) / 01:00:00:000 para Root(00)
Mensaje * / 04:30:00:000 / Root(00) para top(01)
Mensaje * / 04:30:00:000 / top(01) para assembling(03)
Mensaje Y / 04:30:00:000 / assembling(03) / aout1 /      1.00000 para top(01)
Mensaje Y / 04:30:00:000 / assembling(03) / aout2 /      1.00000 para top(01)
Mensaje D / 04:30:00:000 / assembling(03) / ... para top(01)
Mensaje Y / 04:30:00:000 / top(01) / mout1 /      1.00000 para Root(00)
Mensaje X / 04:30:00:000 / top(01) / pin2 /      1.00000 para preprocessing(02)
Mensaje D / 04:30:00:000 / preprocessing(02) / 00:00:00:000 para top(01)
Mensaje D / 04:30:00:000 / top(01) / 00:00:00:000 para Root(00)
Mensaje * / 04:30:00:000 / Root(00) para top(01)
Mensaje * / 04:30:00:000 / top(01) para preprocessing(02)
Mensaje Y / 04:30:00:000 / preprocessing(02) / pout1 /      1.00000 para top(01)
Mensaje D / 04:30:00:000 / preprocessing(02) / ... para top(01)
Mensaje X / 04:30:00:000 / top(01) / ain /      1.00000 para assembling(03)
Mensaje D / 04:30:00:000 / assembling(03) / 04:00:00:000 para top(01)
Mensaje D / 04:30:00:000 / top(01) / 04:00:00:000 para Root(00)
Mensaje * / 08:30:00:000 / Root(00) para top(01)
Mensaje * / 08:30:00:000 / top(01) para assembling(03)
Mensaje Y / 08:30:00:000 / assembling(03) / aout1 /      1.00000 para top(01)
Mensaje Y / 08:30:00:000 / assembling(03) / aout2 /      1.00000 para top(01)
Mensaje D / 08:30:00:000 / assembling(03) / ... para top(01)
Mensaje Y / 08:30:00:000 / top(01) / mout1 /      1.00000 para Root(00)
Mensaje X / 08:30:00:000 / top(01) / pin2 /      1.00000 para preprocessing(02)
Mensaje D / 08:30:00:000 / preprocessing(02) / 00:00:00:000 para top(01)
Mensaje D / 08:30:00:000 / top(01) / 00:00:00:000 para Root(00)
Mensaje * / 08:30:00:000 / Root(00) para top(01)
Mensaje * / 08:30:00:000 / top(01) para preprocessing(02)
Mensaje Y / 08:30:00:000 / preprocessing(02) / pout1 /      1.00000 para top(01)
Mensaje D / 08:30:00:000 / preprocessing(02) / ... para top(01)
Mensaje X / 08:30:00:000 / top(01) / ain /      1.00000 para assembling(03)
Mensaje D / 08:30:00:000 / assembling(03) / 04:00:00:000 para top(01)
Mensaje D / 08:30:00:000 / top(01) / 04:00:00:000 para Root(00)
Mensaje * / 12:30:00:000 / Root(00) para top(01)
Mensaje * / 12:30:00:000 / top(01) para assembling(03)
Mensaje Y / 12:30:00:000 / assembling(03) / aout1 /      1.00000 para top(01)
Mensaje Y / 12:30:00:000 / assembling(03) / aout2 /      1.00000 para top(01)
Mensaje D / 12:30:00:000 / assembling(03) / ... para top(01)
Mensaje Y / 12:30:00:000 / top(01) / mout1 /      1.00000 para Root(00)
Mensaje X / 12:30:00:000 / top(01) / pin2 /      1.00000 para preprocessing(02)
Mensaje D / 12:30:00:000 / preprocessing(02) / 00:00:00:000 para top(01)
Mensaje D / 12:30:00:000 / top(01) / 00:00:00:000 para Root(00)
Mensaje * / 12:30:00:000 / Root(00) para top(01)
Mensaje * / 12:30:00:000 / top(01) para preprocessing(02)
Mensaje Y / 12:30:00:000 / preprocessing(02) / pout1 /      1.00000 para top(01)
Mensaje Y / 12:30:00:000 / preprocessing(02) / pout2 /      1.00000 para top(01)
Mensaje D / 12:30:00:000 / preprocessing(02) / ... para top(01)
Mensaje X / 12:30:00:000 / top(01) / ain /      1.00000 para assembling(03)
Mensaje Y / 12:30:00:000 / top(01) / mout2 /      1.00000 para Root(00)
Mensaje D / 12:30:00:000 / assembling(03) / 04:00:00:000 para top(01)
Mensaje D / 12:30:00:000 / top(01) / 04:00:00:000 para Root(00)
Mensaje * / 16:30:00:000 / Root(00) para top(01)
Mensaje * / 16:30:00:000 / top(01) para assembling(03)
Mensaje Y / 16:30:00:000 / assembling(03) / aout1 /      1.00000 para top(01)
Mensaje Y / 16:30:00:000 / assembling(03) / aout2 /      1.00000 para top(01)
Mensaje D / 16:30:00:000 / assembling(03) / ... para top(01)
Mensaje Y / 16:30:00:000 / top(01) / mout1 /      1.00000 para Root(00)
Mensaje X / 16:30:00:000 / top(01) / pin2 /      1.00000 para preprocessing(02)
Mensaje D / 16:30:00:000 / preprocessing(02) / 00:00:00:000 para top(01)
Mensaje D / 16:30:00:000 / top(01) / 00:00:00:000 para Root(00)
Mensaje * / 16:30:00:000 / Root(00) para top(01)
Mensaje * / 16:30:00:000 / top(01) para preprocessing(02)
Mensaje Y / 16:30:00:000 / preprocessing(02) / pout2 /      1.00000 para top(01)
Mensaje D / 16:30:00:000 / preprocessing(02) / ... para top(01)
Mensaje Y / 16:30:00:000 / top(01) / mout2 /      1.00000 para Root(00)
Mensaje D / 16:30:00:000 / top(01) / ... para Root(00)
