Mensaje I / 00:00:00:000 / Root(00) para top(01)
Mensaje I / 00:00:00:000 / top(01) para warehouse(02)
Mensaje I / 00:00:00:000 / top(01) para manufacturer(03)
Mensaje I / 00:00:00:000 / top(01) para transportation(06)
Mensaje D / 00:00:00:000 / warehouse(02) / ... para top(01)
Mensaje I / 00:00:00:000 / manufacturer(03) para preprocessing(04)
Mensaje I / 00:00:00:000 / manufacturer(03) para assembling(05)
Mensaje D / 00:00:00:000 / transportation(06) / ... para top(01)
Mensaje D / 00:00:00:000 / preprocessing(04) / ... para manufacturer(03)
Mensaje D / 00:00:00:000 / assembling(05) / ... para manufacturer(03)
Mensaje D / 00:00:00:000 / manufacturer(03) / ... para top(01)
Mensaje D / 00:00:00:000 / top(01) / ... para Root(00)
Mensaje X / 00:00:00:000 / Root(00) / in /      1.00000 para top(01)
Mensaje X / 00:00:00:000 / top(01) / win1 /      1.00000 para warehouse(02)
Mensaje D / 00:00:00:000 / warehouse(02) / 01:00:00:000 para top(01)
Mensaje D / 00:00:00:000 / top(01) / 01:00:00:000 para Root(00)
Mensaje * / 01:00:00:000 / Root(00) para top(01)
Mensaje * / 01:00:00:000 / top(01) para warehouse(02)
Mensaje Y / 01:00:00:000 / warehouse(02) / wout1 /      1.00000 para top(01)
Mensaje Y / 01:00:00:000 / warehouse(02) / wout2 /      1.00000 para top(01)
Mensaje D / 01:00:00:000 / warehouse(02) / ... para top(01)
Mensaje X / 01:00:00:000 / top(01) / tin /      1.00000 para transportation(06)
Mensaje Y / 01:00:00:000 / top(01) / out3 /      1.00000 para Root(00)
Mensaje D / 01:00:00:000 / transportation(06) / 00:00:00:000 para top(01)
Mensaje D / 01:00:00:000 / top(01) / 00:00:00:000 para Root(00)
Mensaje * / 01:00:00:000 / Root(00) para top(01)
Mensaje * / 01:00:00:000 / top(01) para transportation(06)
Mensaje Y / 01:00:00:000 / transportation(06) / tout2 /     -1.00000 para top(01)
Mensaje D / 01:00:00:000 / transportation(06) / 02:00:00:000 para top(01)
Mensaje X / 01:00:00:000 / top(01) / win3 /     -1.00000 para warehouse(02)
Mensaje D / 01:00:00:000 / warehouse(02) / ... para top(01)
Mensaje D / 01:00:00:000 / top(01) / 02:00:00:000 para Root(00)
Mensaje * / 03:00:00:000 / Root(00) para top(01)
Mensaje * / 03:00:00:000 / top(01) para transportation(06)
Mensaje Y / 03:00:00:000 / transportation(06) / tout1 /      1.00000 para top(01)
Mensaje Y / 03:00:00:000 / transportation(06) / tout2 /      1.00000 para top(01)
Mensaje D / 03:00:00:000 / transportation(06) / ... para top(01)
Mensaje X / 03:00:00:000 / top(01) / min /      1.00000 para manufacturer(03)
Mensaje X / 03:00:00:000 / top(01) / win3 /      1.00000 para warehouse(02)
Mensaje X / 03:00:00:000 / manufacturer(03) / pin1 /      1.00000 para preprocessing(04)
Mensaje D / 03:00:00:000 / warehouse(02) / ... para top(01)
Mensaje D / 03:00:00:000 / preprocessing(04) / 00:30:00:000 para manufacturer(03)
Mensaje D / 03:00:00:000 / manufacturer(03) / 00:30:00:000 para top(01)
Mensaje D / 03:00:00:000 / top(01) / 00:30:00:000 para Root(00)
Mensaje * / 03:30:00:000 / Root(00) para top(01)
Mensaje * / 03:30:00:000 / top(01) para manufacturer(03)
Mensaje * / 03:30:00:000 / manufacturer(03) para preprocessing(04)
Mensaje Y / 03:30:00:000 / preprocessing(04) / pout1 /      1.00000 para manufacturer(03)
Mensaje D / 03:30:00:000 / preprocessing(04) / ... para manufacturer(03)
Mensaje X / 03:30:00:000 / manufacturer(03) / ain /      1.00000 para assembling(05)
Mensaje D / 03:30:00:000 / assembling(05) / 04:00:00:000 para manufacturer(03)
Mensaje D / 03:30:00:000 / manufacturer(03) / 04:00:00:000 para top(01)
Mensaje D / 03:30:00:000 / top(01) / 04:00:00:000 para Root(00)
Mensaje * / 07:30:00:000 / Root(00) para top(01)
Mensaje * / 07:30:00:000 / top(01) para manufacturer(03)
Mensaje * / 07:30:00:000 / manufacturer(03) para assembling(05)
Mensaje Y / 07:30:00:000 / assembling(05) / aout1 /      1.00000 para manufacturer(03)
Mensaje Y / 07:30:00:000 / assembling(05) / aout2 /      1.00000 para manufacturer(03)
Mensaje D / 07:30:00:000 / assembling(05) / ... para manufacturer(03)
Mensaje Y / 07:30:00:000 / manufacturer(03) / mout1 /      1.00000 para top(01)
Mensaje X / 07:30:00:000 / manufacturer(03) / pin2 /      1.00000 para preprocessing(04)
Mensaje Y / 07:30:00:000 / top(01) / out1 /      1.00000 para Root(00)
Mensaje D / 07:30:00:000 / preprocessing(04) / 00:00:00:000 para manufacturer(03)
Mensaje D / 07:30:00:000 / manufacturer(03) / 00:00:00:000 para top(01)
Mensaje D / 07:30:00:000 / top(01) / 00:00:00:000 para Root(00)
Mensaje * / 07:30:00:000 / Root(00) para top(01)
Mensaje * / 07:30:00:000 / top(01) para manufacturer(03)
Mensaje * / 07:30:00:000 / manufacturer(03) para preprocessing(04)
Mensaje Y / 07:30:00:000 / preprocessing(04) / pout2 /      1.00000 para manufacturer(03)
Mensaje D / 07:30:00:000 / preprocessing(04) / ... para manufacturer(03)
Mensaje Y / 07:30:00:000 / manufacturer(03) / mout2 /      1.00000 para top(01)
Mensaje D / 07:30:00:000 / manufacturer(03) / ... para top(01)
Mensaje Y / 07:30:00:000 / top(01) / out2 /      1.00000 para Root(00)
Mensaje X / 07:30:00:000 / top(01) / win2 /      1.00000 para warehouse(02)
Mensaje D / 07:30:00:000 / warehouse(02) / ... para top(01)
Mensaje D / 07:30:00:000 / top(01) / ... para Root(00)
