Mensaje I / 00:00:00:000 / Root(00) para top(01)
Mensaje I / 00:00:00:000 / top(01) para warehouse(02)
Mensaje I / 00:00:00:000 / top(01) para manufacturer(03)
Mensaje I / 00:00:00:000 / top(01) para transportation(06)
Mensaje D / 00:00:00:000 / warehouse(02) / ... para top(01)
Mensaje I / 00:00:00:000 / manufacturer(03) para preprocessing(04)
Mensaje I / 00:00:00:000 / manufacturer(03) para assembling(05)
Mensaje D / 00:00:00:000 / transportation(06) / ... para top(01)
Mensaje D / 00:00:00:000 / preprocessing(04) / ... para manufacturer(03)
Mensaje D / 00:00:00:000 / assembling(05) / ... para manufacturer(03)
Mensaje D / 00:00:00:000 / manufacturer(03) / ... para top(01)
Mensaje D / 00:00:00:000 / top(01) / ... para Root(00)
Mensaje X / 00:00:00:000 / Root(00) / in /     10.00000 para top(01)
Mensaje X / 00:00:00:000 / top(01) / win1 /     10.00000 para warehouse(02)
Mensaje D / 00:00:00:000 / warehouse(02) / 01:00:00:000 para top(01)
Mensaje D / 00:00:00:000 / top(01) / 01:00:00:000 para Root(00)
Mensaje * / 01:00:00:000 / Root(00) para top(01)
Mensaje * / 01:00:00:000 / top(01) para warehouse(02)
Mensaje Y / 01:00:00:000 / warehouse(02) / wout1 /      1.00000 para top(01)
Mensaje D / 01:00:00:000 / warehouse(02) / 01:00:00:000 para top(01)
Mensaje X / 01:00:00:000 / top(01) / tin /      1.00000 para transportation(06)
Mensaje D / 01:00:00:000 / transportation(06) / 00:00:00:000 para top(01)
Mensaje D / 01:00:00:000 / top(01) / 00:00:00:000 para Root(00)
Mensaje * / 01:00:00:000 / Root(00) para top(01)
Mensaje * / 01:00:00:000 / top(01) para transportation(06)
Mensaje Y / 01:00:00:000 / transportation(06) / tout2 /     -1.00000 para top(01)
Mensaje D / 01:00:00:000 / transportation(06) / 02:00:00:000 para top(01)
Mensaje X / 01:00:00:000 / top(01) / win3 /     -1.00000 para warehouse(02)
Mensaje D / 01:00:00:000 / warehouse(02) / ... para top(01)
Mensaje D / 01:00:00:000 / top(01) / 02:00:00:000 para Root(00)
Mensaje * / 03:00:00:000 / Root(00) para top(01)
Mensaje * / 03:00:00:000 / top(01) para transportation(06)
Mensaje Y / 03:00:00:000 / transportation(06) / tout1 /      1.00000 para top(01)
Mensaje Y / 03:00:00:000 / transportation(06) / tout2 /      1.00000 para top(01)
Mensaje D / 03:00:00:000 / transportation(06) / ... para top(01)
Mensaje X / 03:00:00:000 / top(01) / min /      1.00000 para manufacturer(03)
Mensaje X / 03:00:00:000 / top(01) / win3 /      1.00000 para warehouse(02)
Mensaje X / 03:00:00:000 / manufacturer(03) / pin1 /      1.00000 para preprocessing(04)
Mensaje D / 03:00:00:000 / warehouse(02) / 01:00:00:000 para top(01)
Mensaje D / 03:00:00:000 / preprocessing(04) / 00:30:00:000 para manufacturer(03)
Mensaje D / 03:00:00:000 / manufacturer(03) / 00:30:00:000 para top(01)
Mensaje D / 03:00:00:000 / top(01) / 00:30:00:000 para Root(00)
Mensaje * / 03:30:00:000 / Root(00) para top(01)
Mensaje * / 03:30:00:000 / top(01) para manufacturer(03)
Mensaje * / 03:30:00:000 / manufacturer(03) para preprocessing(04)
Mensaje Y / 03:30:00:000 / preprocessing(04) / pout1 /      1.00000 para manufacturer(03)
Mensaje D / 03:30:00:000 / preprocessing(04) / ... para manufacturer(03)
Mensaje X / 03:30:00:000 / manufacturer(03) / ain /      1.00000 para assembling(05)
Mensaje D / 03:30:00:000 / assembling(05) / 04:00:00:000 para manufacturer(03)
Mensaje D / 03:30:00:000 / manufacturer(03) / 04:00:00:000 para top(01)
Mensaje D / 03:30:00:000 / top(01) / 00:30:00:000 para Root(00)
Mensaje * / 04:00:00:000 / Root(00) para top(01)
Mensaje * / 04:00:00:000 / top(01) para warehouse(02)
Mensaje Y / 04:00:00:000 / warehouse(02) / wout1 /      1.00000 para top(01)
Mensaje D / 04:00:00:000 / warehouse(02) / 01:00:00:000 para top(01)
Mensaje X / 04:00:00:000 / top(01) / tin /      1.00000 para transportation(06)
Mensaje D / 04:00:00:000 / transportation(06) / 00:00:00:000 para top(01)
Mensaje D / 04:00:00:000 / top(01) / 00:00:00:000 para Root(00)
Mensaje * / 04:00:00:000 / Root(00) para top(01)
Mensaje * / 04:00:00:000 / top(01) para transportation(06)
Mensaje Y / 04:00:00:000 / transportation(06) / tout2 /     -1.00000 para top(01)
Mensaje D / 04:00:00:000 / transportation(06) / 02:00:00:000 para top(01)
Mensaje X / 04:00:00:000 / top(01) / win3 /     -1.00000 para warehouse(02)
Mensaje D / 04:00:00:000 / warehouse(02) / ... para top(01)
Mensaje D / 04:00:00:000 / top(01) / 02:00:00:000 para Root(00)
Mensaje * / 06:00:00:000 / Root(00) para top(01)
Mensaje * / 06:00:00:000 / top(01) para transportation(06)
Mensaje Y / 06:00:00:000 / transportation(06) / tout1 /      1.00000 para top(01)
Mensaje Y / 06:00:00:000 / transportation(06) / tout2 /      1.00000 para top(01)
Mensaje D / 06:00:00:000 / transportation(06) / ... para top(01)
Mensaje X / 06:00:00:000 / top(01) / min /      1.00000 para manufacturer(03)
Mensaje X / 06:00:00:000 / top(01) / win3 /      1.00000 para warehouse(02)
Mensaje X / 06:00:00:000 / manufacturer(03) / pin1 /      1.00000 para preprocessing(04)
Mensaje D / 06:00:00:000 / warehouse(02) / 01:00:00:000 para top(01)
Mensaje D / 06:00:00:000 / preprocessing(04) / 00:30:00:000 para manufacturer(03)
Mensaje D / 06:00:00:000 / manufacturer(03) / 00:30:00:000 para top(01)
Mensaje D / 06:00:00:000 / top(01) / 00:30:00:000 para Root(00)
Mensaje * / 06:30:00:000 / Root(00) para top(01)
Mensaje * / 06:30:00:000 / top(01) para manufacturer(03)
Mensaje * / 06:30:00:000 / manufacturer(03) para preprocessing(04)
Mensaje D / 06:30:00:000 / preprocessing(04) / ... para manufacturer(03)
Mensaje D / 06:30:00:000 / manufacturer(03) / 01:00:00:000 para top(01)
Mensaje D / 06:30:00:000 / top(01) / 00:30:00:000 para Root(00)
Mensaje * / 07:00:00:000 / Root(00) para top(01)
Mensaje * / 07:00:00:000 / top(01) para warehouse(02)
Mensaje Y / 07:00:00:000 / warehouse(02) / wout1 /      1.00000 para top(01)
Mensaje D / 07:00:00:000 / warehouse(02) / 01:00:00:000 para top(01)
Mensaje X / 07:00:00:000 / top(01) / tin /      1.00000 para transportation(06)
Mensaje D / 07:00:00:000 / transportation(06) / 00:00:00:000 para top(01)
Mensaje D / 07:00:00:000 / top(01) / 00:00:00:000 para Root(00)
Mensaje * / 07:00:00:000 / Root(00) para top(01)
Mensaje * / 07:00:00:000 / top(01) para transportation(06)
Mensaje Y / 07:00:00:000 / transportation(06) / tout2 /     -1.00000 para top(01)
Mensaje D / 07:00:00:000 / transportation(06) / 02:00:00:000 para top(01)
Mensaje X / 07:00:00:000 / top(01) / win3 /     -1.00000 para warehouse(02)
Mensaje D / 07:00:00:000 / warehouse(02) / ... para top(01)
Mensaje D / 07:00:00:000 / top(01) / 00:30:00:000 para Root(00)
Mensaje * / 07:30:00:000 / Root(00) para top(01)
Mensaje * / 07:30:00:000 / top(01) para manufacturer(03)
Mensaje * / 07:30:00:000 / manufacturer(03) para assembling(05)
Mensaje Y / 07:30:00:000 / assembling(05) / aout1 /      1.00000 para manufacturer(03)
Mensaje Y / 07:30:00:000 / assembling(05) / aout2 /      1.00000 para manufacturer(03)
Mensaje D / 07:30:00:000 / assembling(05) / ... para manufacturer(03)
Mensaje Y / 07:30:00:000 / manufacturer(03) / mout1 /      1.00000 para top(01)
Mensaje X / 07:30:00:000 / manufacturer(03) / pin2 /      1.00000 para preprocessing(04)
Mensaje Y / 07:30:00:000 / top(01) / out1 /      1.00000 para Root(00)
Mensaje D / 07:30:00:000 / preprocessing(04) / 00:00:00:000 para manufacturer(03)
Mensaje D / 07:30:00:000 / manufacturer(03) / 00:00:00:000 para top(01)
Mensaje D / 07:30:00:000 / top(01) / 00:00:00:000 para Root(00)
Mensaje * / 07:30:00:000 / Root(00) para top(01)
Mensaje * / 07:30:00:000 / top(01) para manufacturer(03)
Mensaje * / 07:30:00:000 / manufacturer(03) para preprocessing(04)
Mensaje Y / 07:30:00:000 / preprocessing(04) / pout1 /      1.00000 para manufacturer(03)
Mensaje Y / 07:30:00:000 / preprocessing(04) / pout2 /      1.00000 para manufacturer(03)
Mensaje D / 07:30:00:000 / preprocessing(04) / ... para manufacturer(03)
Mensaje X / 07:30:00:000 / manufacturer(03) / ain /      1.00000 para assembling(05)
Mensaje Y / 07:30:00:000 / manufacturer(03) / mout2 /      1.00000 para top(01)
Mensaje D / 07:30:00:000 / assembling(05) / 04:00:00:000 para manufacturer(03)
Mensaje Y / 07:30:00:000 / top(01) / out2 /      1.00000 para Root(00)
Mensaje X / 07:30:00:000 / top(01) / win2 /      1.00000 para warehouse(02)
Mensaje D / 07:30:00:000 / manufacturer(03) / 04:00:00:000 para top(01)
Mensaje D / 07:30:00:000 / warehouse(02) / ... para top(01)
Mensaje D / 07:30:00:000 / top(01) / 01:30:00:000 para Root(00)
Mensaje * / 09:00:00:000 / Root(00) para top(01)
Mensaje * / 09:00:00:000 / top(01) para transportation(06)
Mensaje Y / 09:00:00:000 / transportation(06) / tout1 /      1.00000 para top(01)
Mensaje Y / 09:00:00:000 / transportation(06) / tout2 /      1.00000 para top(01)
Mensaje D / 09:00:00:000 / transportation(06) / ... para top(01)
Mensaje X / 09:00:00:000 / top(01) / min /      1.00000 para manufacturer(03)
Mensaje X / 09:00:00:000 / top(01) / win3 /      1.00000 para warehouse(02)
Mensaje X / 09:00:00:000 / manufacturer(03) / pin1 /      1.00000 para preprocessing(04)
Mensaje D / 09:00:00:000 / warehouse(02) / 01:00:00:000 para top(01)
Mensaje D / 09:00:00:000 / preprocessing(04) / 00:30:00:000 para manufacturer(03)
Mensaje D / 09:00:00:000 / manufacturer(03) / 00:30:00:000 para top(01)
Mensaje D / 09:00:00:000 / top(01) / 00:30:00:000 para Root(00)
Mensaje * / 09:30:00:000 / Root(00) para top(01)
Mensaje * / 09:30:00:000 / top(01) para manufacturer(03)
Mensaje * / 09:30:00:000 / manufacturer(03) para preprocessing(04)
Mensaje D / 09:30:00:000 / preprocessing(04) / ... para manufacturer(03)
Mensaje D / 09:30:00:000 / manufacturer(03) / 02:00:00:000 para top(01)
Mensaje D / 09:30:00:000 / top(01) / 00:30:00:000 para Root(00)
Mensaje * / 10:00:00:000 / Root(00) para top(01)
Mensaje * / 10:00:00:000 / top(01) para warehouse(02)
Mensaje Y / 10:00:00:000 / warehouse(02) / wout1 /      1.00000 para top(01)
Mensaje D / 10:00:00:000 / warehouse(02) / 01:00:00:000 para top(01)
Mensaje X / 10:00:00:000 / top(01) / tin /      1.00000 para transportation(06)
Mensaje D / 10:00:00:000 / transportation(06) / 00:00:00:000 para top(01)
Mensaje D / 10:00:00:000 / top(01) / 00:00:00:000 para Root(00)
Mensaje * / 10:00:00:000 / Root(00) para top(01)
Mensaje * / 10:00:00:000 / top(01) para transportation(06)
Mensaje Y / 10:00:00:000 / transportation(06) / tout2 /     -1.00000 para top(01)
Mensaje D / 10:00:00:000 / transportation(06) / 02:00:00:000 para top(01)
Mensaje X / 10:00:00:000 / top(01) / win3 /     -1.00000 para warehouse(02)
Mensaje D / 10:00:00:000 / warehouse(02) / ... para top(01)
Mensaje D / 10:00:00:000 / top(01) / 01:30:00:000 para Root(00)
Mensaje * / 11:30:00:000 / Root(00) para top(01)
Mensaje * / 11:30:00:000 / top(01) para manufacturer(03)
Mensaje * / 11:30:00:000 / manufacturer(03) para assembling(05)
Mensaje Y / 11:30:00:000 / assembling(05) / aout1 /      1.00000 para manufacturer(03)
Mensaje Y / 11:30:00:000 / assembling(05) / aout2 /      1.00000 para manufacturer(03)
Mensaje D / 11:30:00:000 / assembling(05) / ... para manufacturer(03)
Mensaje Y / 11:30:00:000 / manufacturer(03) / mout1 /      1.00000 para top(01)
Mensaje X / 11:30:00:000 / manufacturer(03) / pin2 /      1.00000 para preprocessing(04)
Mensaje Y / 11:30:00:000 / top(01) / out1 /      1.00000 para Root(00)
Mensaje D / 11:30:00:000 / preprocessing(04) / 00:00:00:000 para manufacturer(03)
Mensaje D / 11:30:00:000 / manufacturer(03) / 00:00:00:000 para top(01)
Mensaje D / 11:30:00:000 / top(01) / 00:00:00:000 para Root(00)
Mensaje * / 11:30:00:000 / Root(00) para top(01)
Mensaje * / 11:30:00:000 / top(01) para manufacturer(03)
Mensaje * / 11:30:00:000 / manufacturer(03) para preprocessing(04)
Mensaje Y / 11:30:00:000 / preprocessing(04) / pout1 /      1.00000 para manufacturer(03)
Mensaje Y / 11:30:00:000 / preprocessing(04) / pout2 /      1.00000 para manufacturer(03)
Mensaje D / 11:30:00:000 / preprocessing(04) / ... para manufacturer(03)
Mensaje X / 11:30:00:000 / manufacturer(03) / ain /      1.00000 para assembling(05)
Mensaje Y / 11:30:00:000 / manufacturer(03) / mout2 /      1.00000 para top(01)
Mensaje D / 11:30:00:000 / assembling(05) / 04:00:00:000 para manufacturer(03)
Mensaje Y / 11:30:00:000 / top(01) / out2 /      1.00000 para Root(00)
Mensaje X / 11:30:00:000 / top(01) / win2 /      1.00000 para warehouse(02)
Mensaje D / 11:30:00:000 / manufacturer(03) / 04:00:00:000 para top(01)
Mensaje D / 11:30:00:000 / warehouse(02) / ... para top(01)
Mensaje D / 11:30:00:000 / top(01) / 00:30:00:000 para Root(00)
Mensaje * / 12:00:00:000 / Root(00) para top(01)
Mensaje * / 12:00:00:000 / top(01) para transportation(06)
Mensaje Y / 12:00:00:000 / transportation(06) / tout1 /      1.00000 para top(01)
Mensaje Y / 12:00:00:000 / transportation(06) / tout2 /      1.00000 para top(01)
Mensaje D / 12:00:00:000 / transportation(06) / ... para top(01)
Mensaje X / 12:00:00:000 / top(01) / min /      1.00000 para manufacturer(03)
Mensaje X / 12:00:00:000 / top(01) / win3 /      1.00000 para warehouse(02)
Mensaje X / 12:00:00:000 / manufacturer(03) / pin1 /      1.00000 para preprocessing(04)
Mensaje D / 12:00:00:000 / warehouse(02) / 01:00:00:000 para top(01)
Mensaje D / 12:00:00:000 / preprocessing(04) / 00:30:00:000 para manufacturer(03)
Mensaje D / 12:00:00:000 / manufacturer(03) / 00:30:00:000 para top(01)
Mensaje D / 12:00:00:000 / top(01) / 00:30:00:000 para Root(00)
Mensaje * / 12:30:00:000 / Root(00) para top(01)
Mensaje * / 12:30:00:000 / top(01) para manufacturer(03)
Mensaje * / 12:30:00:000 / manufacturer(03) para preprocessing(04)
Mensaje D / 12:30:00:000 / preprocessing(04) / ... para manufacturer(03)
Mensaje D / 12:30:00:000 / manufacturer(03) / 03:00:00:000 para top(01)
Mensaje D / 12:30:00:000 / top(01) / 00:30:00:000 para Root(00)
Mensaje * / 13:00:00:000 / Root(00) para top(01)
Mensaje * / 13:00:00:000 / top(01) para warehouse(02)
Mensaje Y / 13:00:00:000 / warehouse(02) / wout1 /      1.00000 para top(01)
Mensaje D / 13:00:00:000 / warehouse(02) / 01:00:00:000 para top(01)
Mensaje X / 13:00:00:000 / top(01) / tin /      1.00000 para transportation(06)
Mensaje D / 13:00:00:000 / transportation(06) / 00:00:00:000 para top(01)
Mensaje D / 13:00:00:000 / top(01) / 00:00:00:000 para Root(00)
Mensaje * / 13:00:00:000 / Root(00) para top(01)
Mensaje * / 13:00:00:000 / top(01) para transportation(06)
Mensaje Y / 13:00:00:000 / transportation(06) / tout2 /     -1.00000 para top(01)
Mensaje D / 13:00:00:000 / transportation(06) / 02:00:00:000 para top(01)
Mensaje X / 13:00:00:000 / top(01) / win3 /     -1.00000 para warehouse(02)
Mensaje D / 13:00:00:000 / warehouse(02) / ... para top(01)
Mensaje D / 13:00:00:000 / top(01) / 02:00:00:000 para Root(00)
Mensaje * / 15:00:00:000 / Root(00) para top(01)
Mensaje * / 15:00:00:000 / top(01) para transportation(06)
Mensaje Y / 15:00:00:000 / transportation(06) / tout1 /      1.00000 para top(01)
Mensaje Y / 15:00:00:000 / transportation(06) / tout2 /      1.00000 para top(01)
Mensaje D / 15:00:00:000 / transportation(06) / ... para top(01)
Mensaje X / 15:00:00:000 / top(01) / min /      1.00000 para manufacturer(03)
Mensaje X / 15:00:00:000 / top(01) / win3 /      1.00000 para warehouse(02)
Mensaje X / 15:00:00:000 / manufacturer(03) / pin1 /      1.00000 para preprocessing(04)
Mensaje D / 15:00:00:000 / warehouse(02) / 01:00:00:000 para top(01)
Mensaje D / 15:00:00:000 / preprocessing(04) / 00:00:00:000 para manufacturer(03)
Mensaje D / 15:00:00:000 / manufacturer(03) / 00:00:00:000 para top(01)
Mensaje D / 15:00:00:000 / top(01) / 00:00:00:000 para Root(00)
Mensaje * / 15:00:00:000 / Root(00) para top(01)
Mensaje * / 15:00:00:000 / top(01) para manufacturer(03)
Mensaje * / 15:00:00:000 / manufacturer(03) para preprocessing(04)
Mensaje Y / 15:00:00:000 / preprocessing(04) / pout2 /     -1.00000 para manufacturer(03)
Mensaje D / 15:00:00:000 / preprocessing(04) / 00:30:00:000 para manufacturer(03)
Mensaje Y / 15:00:00:000 / manufacturer(03) / mout2 /     -1.00000 para top(01)
Mensaje D / 15:00:00:000 / manufacturer(03) / 00:30:00:000 para top(01)
Mensaje Y / 15:00:00:000 / top(01) / out2 /     -1.00000 para Root(00)
Mensaje X / 15:00:00:000 / top(01) / win2 /     -1.00000 para warehouse(02)
Mensaje D / 15:00:00:000 / warehouse(02) / ... para top(01)
Mensaje D / 15:00:00:000 / top(01) / 00:30:00:000 para Root(00)
Mensaje * / 15:30:00:000 / Root(00) para top(01)
Mensaje * / 15:30:00:000 / top(01) para manufacturer(03)
Mensaje * / 15:30:00:000 / manufacturer(03) para preprocessing(04)
Mensaje D / 15:30:00:000 / preprocessing(04) / ... para manufacturer(03)
Mensaje D / 15:30:00:000 / manufacturer(03) / 00:00:00:000 para top(01)
Mensaje D / 15:30:00:000 / top(01) / 00:00:00:000 para Root(00)
Mensaje * / 15:30:00:000 / Root(00) para top(01)
Mensaje * / 15:30:00:000 / top(01) para manufacturer(03)
Mensaje * / 15:30:00:000 / manufacturer(03) para assembling(05)
Mensaje Y / 15:30:00:000 / assembling(05) / aout1 /      1.00000 para manufacturer(03)
Mensaje Y / 15:30:00:000 / assembling(05) / aout2 /      1.00000 para manufacturer(03)
Mensaje D / 15:30:00:000 / assembling(05) / ... para manufacturer(03)
Mensaje Y / 15:30:00:000 / manufacturer(03) / mout1 /      1.00000 para top(01)
Mensaje X / 15:30:00:000 / manufacturer(03) / pin2 /      1.00000 para preprocessing(04)
Mensaje Y / 15:30:00:000 / top(01) / out1 /      1.00000 para Root(00)
Mensaje D / 15:30:00:000 / preprocessing(04) / 00:00:00:000 para manufacturer(03)
Mensaje D / 15:30:00:000 / manufacturer(03) / 00:00:00:000 para top(01)
Mensaje D / 15:30:00:000 / top(01) / 00:00:00:000 para Root(00)
Mensaje * / 15:30:00:000 / Root(00) para top(01)
Mensaje * / 15:30:00:000 / top(01) para manufacturer(03)
Mensaje * / 15:30:00:000 / manufacturer(03) para preprocessing(04)
Mensaje Y / 15:30:00:000 / preprocessing(04) / pout1 /      1.00000 para manufacturer(03)
Mensaje D / 15:30:00:000 / preprocessing(04) / ... para manufacturer(03)
Mensaje X / 15:30:00:000 / manufacturer(03) / ain /      1.00000 para assembling(05)
Mensaje D / 15:30:00:000 / assembling(05) / 04:00:00:000 para manufacturer(03)
Mensaje D / 15:30:00:000 / manufacturer(03) / 04:00:00:000 para top(01)
Mensaje D / 15:30:00:000 / top(01) / 04:00:00:000 para Root(00)
Mensaje * / 19:30:00:000 / Root(00) para top(01)
Mensaje * / 19:30:00:000 / top(01) para manufacturer(03)
Mensaje * / 19:30:00:000 / manufacturer(03) para assembling(05)
Mensaje Y / 19:30:00:000 / assembling(05) / aout1 /      1.00000 para manufacturer(03)
Mensaje Y / 19:30:00:000 / assembling(05) / aout2 /      1.00000 para manufacturer(03)
Mensaje D / 19:30:00:000 / assembling(05) / ... para manufacturer(03)
Mensaje Y / 19:30:00:000 / manufacturer(03) / mout1 /      1.00000 para top(01)
Mensaje X / 19:30:00:000 / manufacturer(03) / pin2 /      1.00000 para preprocessing(04)
Mensaje Y / 19:30:00:000 / top(01) / out1 /      1.00000 para Root(00)
Mensaje D / 19:30:00:000 / preprocessing(04) / 00:00:00:000 para manufacturer(03)
Mensaje D / 19:30:00:000 / manufacturer(03) / 00:00:00:000 para top(01)
Mensaje D / 19:30:00:000 / top(01) / 00:00:00:000 para Root(00)
Mensaje * / 19:30:00:000 / Root(00) para top(01)
Mensaje * / 19:30:00:000 / top(01) para manufacturer(03)
Mensaje * / 19:30:00:000 / manufacturer(03) para preprocessing(04)
Mensaje Y / 19:30:00:000 / preprocessing(04) / pout1 /      1.00000 para manufacturer(03)
Mensaje Y / 19:30:00:000 / preprocessing(04) / pout2 /      1.00000 para manufacturer(03)
Mensaje D / 19:30:00:000 / preprocessing(04) / ... para manufacturer(03)
Mensaje X / 19:30:00:000 / manufacturer(03) / ain /      1.00000 para assembling(05)
Mensaje Y / 19:30:00:000 / manufacturer(03) / mout2 /      1.00000 para top(01)
Mensaje D / 19:30:00:000 / assembling(05) / 04:00:00:000 para manufacturer(03)
Mensaje Y / 19:30:00:000 / top(01) / out2 /      1.00000 para Root(00)
Mensaje X / 19:30:00:000 / top(01) / win2 /      1.00000 para warehouse(02)
Mensaje D / 19:30:00:000 / manufacturer(03) / 04:00:00:000 para top(01)
Mensaje D / 19:30:00:000 / warehouse(02) / 01:00:00:000 para top(01)
Mensaje D / 19:30:00:000 / top(01) / 01:00:00:000 para Root(00)
Mensaje * / 20:30:00:000 / Root(00) para top(01)
Mensaje * / 20:30:00:000 / top(01) para warehouse(02)
Mensaje Y / 20:30:00:000 / warehouse(02) / wout1 /      1.00000 para top(01)
Mensaje D / 20:30:00:000 / warehouse(02) / 01:00:00:000 para top(01)
Mensaje X / 20:30:00:000 / top(01) / tin /      1.00000 para transportation(06)
Mensaje D / 20:30:00:000 / transportation(06) / 00:00:00:000 para top(01)
Mensaje D / 20:30:00:000 / top(01) / 00:00:00:000 para Root(00)
Mensaje * / 20:30:00:000 / Root(00) para top(01)
Mensaje * / 20:30:00:000 / top(01) para transportation(06)
Mensaje Y / 20:30:00:000 / transportation(06) / tout2 /     -1.00000 para top(01)
Mensaje D / 20:30:00:000 / transportation(06) / 02:00:00:000 para top(01)
Mensaje X / 20:30:00:000 / top(01) / win3 /     -1.00000 para warehouse(02)
Mensaje D / 20:30:00:000 / warehouse(02) / ... para top(01)
Mensaje D / 20:30:00:000 / top(01) / 02:00:00:000 para Root(00)
Mensaje * / 22:30:00:000 / Root(00) para top(01)
Mensaje * / 22:30:00:000 / top(01) para transportation(06)
Mensaje Y / 22:30:00:000 / transportation(06) / tout1 /      1.00000 para top(01)
Mensaje Y / 22:30:00:000 / transportation(06) / tout2 /      1.00000 para top(01)
Mensaje D / 22:30:00:000 / transportation(06) / ... para top(01)
Mensaje X / 22:30:00:000 / top(01) / min /      1.00000 para manufacturer(03)
Mensaje X / 22:30:00:000 / top(01) / win3 /      1.00000 para warehouse(02)
Mensaje X / 22:30:00:000 / manufacturer(03) / pin1 /      1.00000 para preprocessing(04)
Mensaje D / 22:30:00:000 / warehouse(02) / 01:00:00:000 para top(01)
Mensaje D / 22:30:00:000 / preprocessing(04) / 00:30:00:000 para manufacturer(03)
Mensaje D / 22:30:00:000 / manufacturer(03) / 00:30:00:000 para top(01)
Mensaje D / 22:30:00:000 / top(01) / 00:30:00:000 para Root(00)
Mensaje * / 23:00:00:000 / Root(00) para top(01)
Mensaje * / 23:00:00:000 / top(01) para manufacturer(03)
Mensaje * / 23:00:00:000 / manufacturer(03) para preprocessing(04)
Mensaje D / 23:00:00:000 / preprocessing(04) / ... para manufacturer(03)
Mensaje D / 23:00:00:000 / manufacturer(03) / 00:30:00:000 para top(01)
Mensaje D / 23:00:00:000 / top(01) / 00:30:00:000 para Root(00)
Mensaje * / 23:30:00:000 / Root(00) para top(01)
Mensaje * / 23:30:00:000 / top(01) para warehouse(02)
Mensaje Y / 23:30:00:000 / warehouse(02) / wout1 /      1.00000 para top(01)
Mensaje D / 23:30:00:000 / warehouse(02) / 01:00:00:000 para top(01)
Mensaje X / 23:30:00:000 / top(01) / tin /      1.00000 para transportation(06)
Mensaje D / 23:30:00:000 / transportation(06) / 00:00:00:000 para top(01)
Mensaje D / 23:30:00:000 / top(01) / 00:00:00:000 para Root(00)
Mensaje * / 23:30:00:000 / Root(00) para top(01)
Mensaje * / 23:30:00:000 / top(01) para manufacturer(03)
Mensaje * / 23:30:00:000 / manufacturer(03) para assembling(05)
Mensaje Y / 23:30:00:000 / assembling(05) / aout1 /      1.00000 para manufacturer(03)
Mensaje Y / 23:30:00:000 / assembling(05) / aout2 /      1.00000 para manufacturer(03)
Mensaje D / 23:30:00:000 / assembling(05) / ... para manufacturer(03)
Mensaje Y / 23:30:00:000 / manufacturer(03) / mout1 /      1.00000 para top(01)
Mensaje X / 23:30:00:000 / manufacturer(03) / pin2 /      1.00000 para preprocessing(04)
Mensaje Y / 23:30:00:000 / top(01) / out1 /      1.00000 para Root(00)
Mensaje D / 23:30:00:000 / preprocessing(04) / 00:00:00:000 para manufacturer(03)
Mensaje D / 23:30:00:000 / manufacturer(03) / 00:00:00:000 para top(01)
Mensaje D / 23:30:00:000 / top(01) / 00:00:00:000 para Root(00)
Mensaje * / 23:30:00:000 / Root(00) para top(01)
Mensaje * / 23:30:00:000 / top(01) para manufacturer(03)
Mensaje * / 23:30:00:000 / manufacturer(03) para preprocessing(04)
Mensaje Y / 23:30:00:000 / preprocessing(04) / pout1 /      1.00000 para manufacturer(03)
Mensaje Y / 23:30:00:000 / preprocessing(04) / pout2 /      1.00000 para manufacturer(03)
Mensaje D / 23:30:00:000 / preprocessing(04) / ... para manufacturer(03)
Mensaje X / 23:30:00:000 / manufacturer(03) / ain /      1.00000 para assembling(05)
Mensaje Y / 23:30:00:000 / manufacturer(03) / mout2 /      1.00000 para top(01)
Mensaje D / 23:30:00:000 / assembling(05) / 04:00:00:000 para manufacturer(03)
Mensaje Y / 23:30:00:000 / top(01) / out2 /      1.00000 para Root(00)
Mensaje X / 23:30:00:000 / top(01) / win2 /      1.00000 para warehouse(02)
Mensaje D / 23:30:00:000 / manufacturer(03) / 04:00:00:000 para top(01)
Mensaje D / 23:30:00:000 / warehouse(02) / 01:00:00:000 para top(01)
Mensaje D / 23:30:00:000 / top(01) / 00:00:00:000 para Root(00)
Mensaje * / 23:30:00:000 / Root(00) para top(01)
Mensaje * / 23:30:00:000 / top(01) para transportation(06)
Mensaje Y / 23:30:00:000 / transportation(06) / tout2 /     -1.00000 para top(01)
Mensaje D / 23:30:00:000 / transportation(06) / 02:00:00:000 para top(01)
Mensaje X / 23:30:00:000 / top(01) / win3 /     -1.00000 para warehouse(02)
Mensaje D / 23:30:00:000 / warehouse(02) / ... para top(01)
Mensaje D / 23:30:00:000 / top(01) / 02:00:00:000 para Root(00)
Mensaje * / 25:30:00:000 / Root(00) para top(01)
Mensaje * / 25:30:00:000 / top(01) para transportation(06)
Mensaje Y / 25:30:00:000 / transportation(06) / tout1 /      1.00000 para top(01)
Mensaje Y / 25:30:00:000 / transportation(06) / tout2 /      1.00000 para top(01)
Mensaje D / 25:30:00:000 / transportation(06) / ... para top(01)
Mensaje X / 25:30:00:000 / top(01) / min /      1.00000 para manufacturer(03)
Mensaje X / 25:30:00:000 / top(01) / win3 /      1.00000 para warehouse(02)
Mensaje X / 25:30:00:000 / manufacturer(03) / pin1 /      1.00000 para preprocessing(04)
Mensaje D / 25:30:00:000 / warehouse(02) / 01:00:00:000 para top(01)
Mensaje D / 25:30:00:000 / preprocessing(04) / 00:30:00:000 para manufacturer(03)
Mensaje D / 25:30:00:000 / manufacturer(03) / 00:30:00:000 para top(01)
Mensaje D / 25:30:00:000 / top(01) / 00:30:00:000 para Root(00)
Mensaje * / 26:00:00:000 / Root(00) para top(01)
Mensaje * / 26:00:00:000 / top(01) para manufacturer(03)
Mensaje * / 26:00:00:000 / manufacturer(03) para preprocessing(04)
Mensaje D / 26:00:00:000 / preprocessing(04) / ... para manufacturer(03)
Mensaje D / 26:00:00:000 / manufacturer(03) / 01:30:00:000 para top(01)
Mensaje D / 26:00:00:000 / top(01) / 00:30:00:000 para Root(00)
Mensaje * / 26:30:00:000 / Root(00) para top(01)
Mensaje * / 26:30:00:000 / top(01) para warehouse(02)
Mensaje Y / 26:30:00:000 / warehouse(02) / wout1 /      1.00000 para top(01)
Mensaje D / 26:30:00:000 / warehouse(02) / 01:00:00:000 para top(01)
Mensaje X / 26:30:00:000 / top(01) / tin /      1.00000 para transportation(06)
Mensaje D / 26:30:00:000 / transportation(06) / 00:00:00:000 para top(01)
Mensaje D / 26:30:00:000 / top(01) / 00:00:00:000 para Root(00)
Mensaje * / 26:30:00:000 / Root(00) para top(01)
Mensaje * / 26:30:00:000 / top(01) para transportation(06)
Mensaje Y / 26:30:00:000 / transportation(06) / tout2 /     -1.00000 para top(01)
Mensaje D / 26:30:00:000 / transportation(06) / 02:00:00:000 para top(01)
Mensaje X / 26:30:00:000 / top(01) / win3 /     -1.00000 para warehouse(02)
Mensaje D / 26:30:00:000 / warehouse(02) / ... para top(01)
Mensaje D / 26:30:00:000 / top(01) / 01:00:00:000 para Root(00)
Mensaje * / 27:30:00:000 / Root(00) para top(01)
Mensaje * / 27:30:00:000 / top(01) para manufacturer(03)
Mensaje * / 27:30:00:000 / manufacturer(03) para assembling(05)
Mensaje Y / 27:30:00:000 / assembling(05) / aout1 /      1.00000 para manufacturer(03)
Mensaje Y / 27:30:00:000 / assembling(05) / aout2 /      1.00000 para manufacturer(03)
Mensaje D / 27:30:00:000 / assembling(05) / ... para manufacturer(03)
Mensaje Y / 27:30:00:000 / manufacturer(03) / mout1 /      1.00000 para top(01)
Mensaje X / 27:30:00:000 / manufacturer(03) / pin2 /      1.00000 para preprocessing(04)
Mensaje Y / 27:30:00:000 / top(01) / out1 /      1.00000 para Root(00)
Mensaje D / 27:30:00:000 / preprocessing(04) / 00:00:00:000 para manufacturer(03)
Mensaje D / 27:30:00:000 / manufacturer(03) / 00:00:00:000 para top(01)
Mensaje D / 27:30:00:000 / top(01) / 00:00:00:000 para Root(00)
Mensaje * / 27:30:00:000 / Root(00) para top(01)
Mensaje * / 27:30:00:000 / top(01) para manufacturer(03)
Mensaje * / 27:30:00:000 / manufacturer(03) para preprocessing(04)
Mensaje Y / 27:30:00:000 / preprocessing(04) / pout1 /      1.00000 para manufacturer(03)
Mensaje Y / 27:30:00:000 / preprocessing(04) / pout2 /      1.00000 para manufacturer(03)
Mensaje D / 27:30:00:000 / preprocessing(04) / ... para manufacturer(03)
Mensaje X / 27:30:00:000 / manufacturer(03) / ain /      1.00000 para assembling(05)
Mensaje Y / 27:30:00:000 / manufacturer(03) / mout2 /      1.00000 para top(01)
Mensaje D / 27:30:00:000 / assembling(05) / 04:00:00:000 para manufacturer(03)
Mensaje Y / 27:30:00:000 / top(01) / out2 /      1.00000 para Root(00)
Mensaje X / 27:30:00:000 / top(01) / win2 /      1.00000 para warehouse(02)
Mensaje D / 27:30:00:000 / manufacturer(03) / 04:00:00:000 para top(01)
Mensaje D / 27:30:00:000 / warehouse(02) / ... para top(01)
Mensaje D / 27:30:00:000 / top(01) / 01:00:00:000 para Root(00)
Mensaje * / 28:30:00:000 / Root(00) para top(01)
Mensaje * / 28:30:00:000 / top(01) para transportation(06)
Mensaje Y / 28:30:00:000 / transportation(06) / tout1 /      1.00000 para top(01)
Mensaje Y / 28:30:00:000 / transportation(06) / tout2 /      1.00000 para top(01)
Mensaje D / 28:30:00:000 / transportation(06) / ... para top(01)
Mensaje X / 28:30:00:000 / top(01) / min /      1.00000 para manufacturer(03)
Mensaje X / 28:30:00:000 / top(01) / win3 /      1.00000 para warehouse(02)
Mensaje X / 28:30:00:000 / manufacturer(03) / pin1 /      1.00000 para preprocessing(04)
Mensaje D / 28:30:00:000 / warehouse(02) / 01:00:00:000 para top(01)
Mensaje D / 28:30:00:000 / preprocessing(04) / 00:30:00:000 para manufacturer(03)
Mensaje D / 28:30:00:000 / manufacturer(03) / 00:30:00:000 para top(01)
Mensaje D / 28:30:00:000 / top(01) / 00:30:00:000 para Root(00)
Mensaje * / 29:00:00:000 / Root(00) para top(01)
Mensaje * / 29:00:00:000 / top(01) para manufacturer(03)
Mensaje * / 29:00:00:000 / manufacturer(03) para preprocessing(04)
Mensaje D / 29:00:00:000 / preprocessing(04) / ... para manufacturer(03)
Mensaje D / 29:00:00:000 / manufacturer(03) / 02:30:00:000 para top(01)
Mensaje D / 29:00:00:000 / top(01) / 00:30:00:000 para Root(00)
Mensaje * / 29:30:00:000 / Root(00) para top(01)
Mensaje * / 29:30:00:000 / top(01) para warehouse(02)
Mensaje Y / 29:30:00:000 / warehouse(02) / wout1 /      1.00000 para top(01)
Mensaje D / 29:30:00:000 / warehouse(02) / 01:00:00:000 para top(01)
Mensaje X / 29:30:00:000 / top(01) / tin /      1.00000 para transportation(06)
Mensaje D / 29:30:00:000 / transportation(06) / 00:00:00:000 para top(01)
Mensaje D / 29:30:00:000 / top(01) / 00:00:00:000 para Root(00)
Mensaje * / 29:30:00:000 / Root(00) para top(01)
Mensaje * / 29:30:00:000 / top(01) para transportation(06)
Mensaje Y / 29:30:00:000 / transportation(06) / tout2 /     -1.00000 para top(01)
Mensaje D / 29:30:00:000 / transportation(06) / 02:00:00:000 para top(01)
Mensaje X / 29:30:00:000 / top(01) / win3 /     -1.00000 para warehouse(02)
Mensaje D / 29:30:00:000 / warehouse(02) / ... para top(01)
Mensaje D / 29:30:00:000 / top(01) / 02:00:00:000 para Root(00)
Mensaje * / 31:30:00:000 / Root(00) para top(01)
Mensaje * / 31:30:00:000 / top(01) para manufacturer(03)
Mensaje * / 31:30:00:000 / manufacturer(03) para assembling(05)
Mensaje Y / 31:30:00:000 / assembling(05) / aout1 /      1.00000 para manufacturer(03)
Mensaje Y / 31:30:00:000 / assembling(05) / aout2 /      1.00000 para manufacturer(03)
Mensaje D / 31:30:00:000 / assembling(05) / ... para manufacturer(03)
Mensaje Y / 31:30:00:000 / manufacturer(03) / mout1 /      1.00000 para top(01)
Mensaje X / 31:30:00:000 / manufacturer(03) / pin2 /      1.00000 para preprocessing(04)
Mensaje Y / 31:30:00:000 / top(01) / out1 /      1.00000 para Root(00)
Mensaje D / 31:30:00:000 / preprocessing(04) / 00:00:00:000 para manufacturer(03)
Mensaje D / 31:30:00:000 / manufacturer(03) / 00:00:00:000 para top(01)
Mensaje D / 31:30:00:000 / top(01) / 00:00:00:000 para Root(00)
Mensaje * / 31:30:00:000 / Root(00) para top(01)
Mensaje * / 31:30:00:000 / top(01) para manufacturer(03)
Mensaje * / 31:30:00:000 / manufacturer(03) para preprocessing(04)
Mensaje Y / 31:30:00:000 / preprocessing(04) / pout1 /      1.00000 para manufacturer(03)
Mensaje Y / 31:30:00:000 / preprocessing(04) / pout2 /      1.00000 para manufacturer(03)
Mensaje D / 31:30:00:000 / preprocessing(04) / ... para manufacturer(03)
Mensaje X / 31:30:00:000 / manufacturer(03) / ain /      1.00000 para assembling(05)
Mensaje Y / 31:30:00:000 / manufacturer(03) / mout2 /      1.00000 para top(01)
Mensaje D / 31:30:00:000 / assembling(05) / 04:00:00:000 para manufacturer(03)
Mensaje Y / 31:30:00:000 / top(01) / out2 /      1.00000 para Root(00)
Mensaje X / 31:30:00:000 / top(01) / win2 /      1.00000 para warehouse(02)
Mensaje D / 31:30:00:000 / manufacturer(03) / 04:00:00:000 para top(01)
Mensaje D / 31:30:00:000 / warehouse(02) / ... para top(01)
Mensaje D / 31:30:00:000 / top(01) / 00:00:00:000 para Root(00)
Mensaje * / 31:30:00:000 / Root(00) para top(01)
Mensaje * / 31:30:00:000 / top(01) para transportation(06)
Mensaje Y / 31:30:00:000 / transportation(06) / tout1 /      1.00000 para top(01)
Mensaje Y / 31:30:00:000 / transportation(06) / tout2 /      1.00000 para top(01)
Mensaje D / 31:30:00:000 / transportation(06) / ... para top(01)
Mensaje X / 31:30:00:000 / top(01) / min /      1.00000 para manufacturer(03)
Mensaje X / 31:30:00:000 / top(01) / win3 /      1.00000 para warehouse(02)
Mensaje X / 31:30:00:000 / manufacturer(03) / pin1 /      1.00000 para preprocessing(04)
Mensaje D / 31:30:00:000 / warehouse(02) / 01:00:00:000 para top(01)
Mensaje D / 31:30:00:000 / preprocessing(04) / 00:30:00:000 para manufacturer(03)
Mensaje D / 31:30:00:000 / manufacturer(03) / 00:30:00:000 para top(01)
Mensaje D / 31:30:00:000 / top(01) / 00:30:00:000 para Root(00)
Mensaje * / 32:00:00:000 / Root(00) para top(01)
Mensaje * / 32:00:00:000 / top(01) para manufacturer(03)
Mensaje * / 32:00:00:000 / manufacturer(03) para preprocessing(04)
Mensaje D / 32:00:00:000 / preprocessing(04) / ... para manufacturer(03)
Mensaje D / 32:00:00:000 / manufacturer(03) / 03:30:00:000 para top(01)
Mensaje D / 32:00:00:000 / top(01) / 00:30:00:000 para Root(00)
Mensaje * / 32:30:00:000 / Root(00) para top(01)
Mensaje * / 32:30:00:000 / top(01) para warehouse(02)
Mensaje Y / 32:30:00:000 / warehouse(02) / wout1 /      1.00000 para top(01)
Mensaje Y / 32:30:00:000 / warehouse(02) / wout2 /      1.00000 para top(01)
Mensaje D / 32:30:00:000 / warehouse(02) / ... para top(01)
Mensaje X / 32:30:00:000 / top(01) / tin /      1.00000 para transportation(06)
Mensaje Y / 32:30:00:000 / top(01) / out3 /      1.00000 para Root(00)
Mensaje D / 32:30:00:000 / transportation(06) / 00:00:00:000 para top(01)
Mensaje D / 32:30:00:000 / top(01) / 00:00:00:000 para Root(00)
Mensaje * / 32:30:00:000 / Root(00) para top(01)
Mensaje * / 32:30:00:000 / top(01) para transportation(06)
Mensaje Y / 32:30:00:000 / transportation(06) / tout2 /     -1.00000 para top(01)
Mensaje D / 32:30:00:000 / transportation(06) / 02:00:00:000 para top(01)
Mensaje X / 32:30:00:000 / top(01) / win3 /     -1.00000 para warehouse(02)
Mensaje D / 32:30:00:000 / warehouse(02) / ... para top(01)
Mensaje D / 32:30:00:000 / top(01) / 02:00:00:000 para Root(00)
Mensaje * / 34:30:00:000 / Root(00) para top(01)
Mensaje * / 34:30:00:000 / top(01) para transportation(06)
Mensaje Y / 34:30:00:000 / transportation(06) / tout1 /      1.00000 para top(01)
Mensaje Y / 34:30:00:000 / transportation(06) / tout2 /      1.00000 para top(01)
Mensaje D / 34:30:00:000 / transportation(06) / ... para top(01)
Mensaje X / 34:30:00:000 / top(01) / min /      1.00000 para manufacturer(03)
Mensaje X / 34:30:00:000 / top(01) / win3 /      1.00000 para warehouse(02)
Mensaje X / 34:30:00:000 / manufacturer(03) / pin1 /      1.00000 para preprocessing(04)
Mensaje D / 34:30:00:000 / warehouse(02) / ... para top(01)
Mensaje D / 34:30:00:000 / preprocessing(04) / 00:00:00:000 para manufacturer(03)
Mensaje D / 34:30:00:000 / manufacturer(03) / 00:00:00:000 para top(01)
Mensaje D / 34:30:00:000 / top(01) / 00:00:00:000 para Root(00)
Mensaje * / 34:30:00:000 / Root(00) para top(01)
Mensaje * / 34:30:00:000 / top(01) para manufacturer(03)
Mensaje * / 34:30:00:000 / manufacturer(03) para preprocessing(04)
Mensaje Y / 34:30:00:000 / preprocessing(04) / pout2 /     -1.00000 para manufacturer(03)
Mensaje D / 34:30:00:000 / preprocessing(04) / 00:30:00:000 para manufacturer(03)
Mensaje Y / 34:30:00:000 / manufacturer(03) / mout2 /     -1.00000 para top(01)
Mensaje D / 34:30:00:000 / manufacturer(03) / 00:30:00:000 para top(01)
Mensaje Y / 34:30:00:000 / top(01) / out2 /     -1.00000 para Root(00)
Mensaje X / 34:30:00:000 / top(01) / win2 /     -1.00000 para warehouse(02)
Mensaje D / 34:30:00:000 / warehouse(02) / ... para top(01)
Mensaje D / 34:30:00:000 / top(01) / 00:30:00:000 para Root(00)
Mensaje * / 35:00:00:000 / Root(00) para top(01)
Mensaje * / 35:00:00:000 / top(01) para manufacturer(03)
Mensaje * / 35:00:00:000 / manufacturer(03) para preprocessing(04)
Mensaje D / 35:00:00:000 / preprocessing(04) / ... para manufacturer(03)
Mensaje D / 35:00:00:000 / manufacturer(03) / 00:30:00:000 para top(01)
Mensaje D / 35:00:00:000 / top(01) / 00:30:00:000 para Root(00)
Mensaje * / 35:30:00:000 / Root(00) para top(01)
Mensaje * / 35:30:00:000 / top(01) para manufacturer(03)
Mensaje * / 35:30:00:000 / manufacturer(03) para assembling(05)
Mensaje Y / 35:30:00:000 / assembling(05) / aout1 /      1.00000 para manufacturer(03)
Mensaje Y / 35:30:00:000 / assembling(05) / aout2 /      1.00000 para manufacturer(03)
Mensaje D / 35:30:00:000 / assembling(05) / ... para manufacturer(03)
Mensaje Y / 35:30:00:000 / manufacturer(03) / mout1 /      1.00000 para top(01)
Mensaje X / 35:30:00:000 / manufacturer(03) / pin2 /      1.00000 para preprocessing(04)
Mensaje Y / 35:30:00:000 / top(01) / out1 /      1.00000 para Root(00)
Mensaje D / 35:30:00:000 / preprocessing(04) / 00:00:00:000 para manufacturer(03)
Mensaje D / 35:30:00:000 / manufacturer(03) / 00:00:00:000 para top(01)
Mensaje D / 35:30:00:000 / top(01) / 00:00:00:000 para Root(00)
Mensaje * / 35:30:00:000 / Root(00) para top(01)
Mensaje * / 35:30:00:000 / top(01) para manufacturer(03)
Mensaje * / 35:30:00:000 / manufacturer(03) para preprocessing(04)
Mensaje Y / 35:30:00:000 / preprocessing(04) / pout1 /      1.00000 para manufacturer(03)
Mensaje D / 35:30:00:000 / preprocessing(04) / ... para manufacturer(03)
Mensaje X / 35:30:00:000 / manufacturer(03) / ain /      1.00000 para assembling(05)
Mensaje D / 35:30:00:000 / assembling(05) / 04:00:00:000 para manufacturer(03)
Mensaje D / 35:30:00:000 / manufacturer(03) / 04:00:00:000 para top(01)
Mensaje D / 35:30:00:000 / top(01) / 04:00:00:000 para Root(00)
Mensaje * / 39:30:00:000 / Root(00) para top(01)
Mensaje * / 39:30:00:000 / top(01) para manufacturer(03)
Mensaje * / 39:30:00:000 / manufacturer(03) para assembling(05)
Mensaje Y / 39:30:00:000 / assembling(05) / aout1 /      1.00000 para manufacturer(03)
Mensaje Y / 39:30:00:000 / assembling(05) / aout2 /      1.00000 para manufacturer(03)
Mensaje D / 39:30:00:000 / assembling(05) / ... para manufacturer(03)
Mensaje Y / 39:30:00:000 / manufacturer(03) / mout1 /      1.00000 para top(01)
Mensaje X / 39:30:00:000 / manufacturer(03) / pin2 /      1.00000 para preprocessing(04)
Mensaje Y / 39:30:00:000 / top(01) / out1 /      1.00000 para Root(00)
Mensaje D / 39:30:00:000 / preprocessing(04) / 00:00:00:000 para manufacturer(03)
Mensaje D / 39:30:00:000 / manufacturer(03) / 00:00:00:000 para top(01)
Mensaje D / 39:30:00:000 / top(01) / 00:00:00:000 para Root(00)
Mensaje * / 39:30:00:000 / Root(00) para top(01)
Mensaje * / 39:30:00:000 / top(01) para manufacturer(03)
Mensaje * / 39:30:00:000 / manufacturer(03) para preprocessing(04)
Mensaje Y / 39:30:00:000 / preprocessing(04) / pout1 /      1.00000 para manufacturer(03)
Mensaje Y / 39:30:00:000 / preprocessing(04) / pout2 /      1.00000 para manufacturer(03)
Mensaje D / 39:30:00:000 / preprocessing(04) / ... para manufacturer(03)
Mensaje X / 39:30:00:000 / manufacturer(03) / ain /      1.00000 para assembling(05)
Mensaje Y / 39:30:00:000 / manufacturer(03) / mout2 /      1.00000 para top(01)
Mensaje D / 39:30:00:000 / assembling(05) / 04:00:00:000 para manufacturer(03)
Mensaje Y / 39:30:00:000 / top(01) / out2 /      1.00000 para Root(00)
Mensaje X / 39:30:00:000 / top(01) / win2 /      1.00000 para warehouse(02)
Mensaje D / 39:30:00:000 / manufacturer(03) / 04:00:00:000 para top(01)
Mensaje D / 39:30:00:000 / warehouse(02) / ... para top(01)
Mensaje D / 39:30:00:000 / top(01) / 04:00:00:000 para Root(00)
Mensaje * / 43:30:00:000 / Root(00) para top(01)
Mensaje * / 43:30:00:000 / top(01) para manufacturer(03)
Mensaje * / 43:30:00:000 / manufacturer(03) para assembling(05)
Mensaje Y / 43:30:00:000 / assembling(05) / aout1 /      1.00000 para manufacturer(03)
Mensaje Y / 43:30:00:000 / assembling(05) / aout2 /      1.00000 para manufacturer(03)
Mensaje D / 43:30:00:000 / assembling(05) / ... para manufacturer(03)
Mensaje Y / 43:30:00:000 / manufacturer(03) / mout1 /      1.00000 para top(01)
Mensaje X / 43:30:00:000 / manufacturer(03) / pin2 /      1.00000 para preprocessing(04)
Mensaje Y / 43:30:00:000 / top(01) / out1 /      1.00000 para Root(00)
Mensaje D / 43:30:00:000 / preprocessing(04) / 00:00:00:000 para manufacturer(03)
Mensaje D / 43:30:00:000 / manufacturer(03) / 00:00:00:000 para top(01)
Mensaje D / 43:30:00:000 / top(01) / 00:00:00:000 para Root(00)
Mensaje * / 43:30:00:000 / Root(00) para top(01)
Mensaje * / 43:30:00:000 / top(01) para manufacturer(03)
Mensaje * / 43:30:00:000 / manufacturer(03) para preprocessing(04)
Mensaje Y / 43:30:00:000 / preprocessing(04) / pout2 /      1.00000 para manufacturer(03)
Mensaje D / 43:30:00:000 / preprocessing(04) / ... para manufacturer(03)
Mensaje Y / 43:30:00:000 / manufacturer(03) / mout2 /      1.00000 para top(01)
Mensaje D / 43:30:00:000 / manufacturer(03) / ... para top(01)
Mensaje Y / 43:30:00:000 / top(01) / out2 /      1.00000 para Root(00)
Mensaje X / 43:30:00:000 / top(01) / win2 /      1.00000 para warehouse(02)
Mensaje D / 43:30:00:000 / warehouse(02) / ... para top(01)
Mensaje D / 43:30:00:000 / top(01) / ... para Root(00)
