Mensaje I / 00:00:00:000 / Root(00) para top(01)
Mensaje I / 00:00:00:000 / top(01) para transportation(02)
Mensaje D / 00:00:00:000 / transportation(02) / ... para top(01)
Mensaje D / 00:00:00:000 / top(01) / ... para Root(00)
Mensaje X / 00:00:00:000 / Root(00) / tin /      1.00000 para top(01)
Mensaje X / 00:00:00:000 / top(01) / tin /      1.00000 para transportation(02)
Mensaje D / 00:00:00:000 / transportation(02) / 00:00:00:000 para top(01)
Mensaje D / 00:00:00:000 / top(01) / 00:00:00:000 para Root(00)
Mensaje * / 00:00:00:000 / Root(00) para top(01)
Mensaje * / 00:00:00:000 / top(01) para transportation(02)
Mensaje Y / 00:00:00:000 / transportation(02) / tout2 /     -1.00000 para top(01)
Mensaje D / 00:00:00:000 / transportation(02) / 02:00:00:000 para top(01)
Mensaje Y / 00:00:00:000 / top(01) / tout2 /     -1.00000 para Root(00)
Mensaje D / 00:00:00:000 / top(01) / 02:00:00:000 para Root(00)
Mensaje * / 02:00:00:000 / Root(00) para top(01)
Mensaje * / 02:00:00:000 / top(01) para transportation(02)
Mensaje Y / 02:00:00:000 / transportation(02) / tout1 /      1.00000 para top(01)
Mensaje Y / 02:00:00:000 / transportation(02) / tout2 /      1.00000 para top(01)
Mensaje D / 02:00:00:000 / transportation(02) / ... para top(01)
Mensaje Y / 02:00:00:000 / top(01) / tout1 /      1.00000 para Root(00)
Mensaje Y / 02:00:00:000 / top(01) / tout2 /      1.00000 para Root(00)
Mensaje D / 02:00:00:000 / top(01) / ... para Root(00)
