Mensaje I / 00:00:00:000 / Root(00) para top(01)
Mensaje I / 00:00:00:000 / top(01) para warehouse(02)
Mensaje D / 00:00:00:000 / warehouse(02) / ... para top(01)
Mensaje D / 00:00:00:000 / top(01) / ... para Root(00)
Mensaje X / 00:00:00:000 / Root(00) / win1 /     12.00000 para top(01)
Mensaje X / 00:00:00:000 / top(01) / win1 /     12.00000 para warehouse(02)
Mensaje D / 00:00:00:000 / warehouse(02) / 01:00:00:000 para top(01)
Mensaje D / 00:00:00:000 / top(01) / 01:00:00:000 para Root(00)
Mensaje * / 01:00:00:000 / Root(00) para top(01)
Mensaje * / 01:00:00:000 / top(01) para warehouse(02)
Mensaje Y / 01:00:00:000 / warehouse(02) / wout1 /      1.00000 para top(01)
Mensaje D / 01:00:00:000 / warehouse(02) / 01:00:00:000 para top(01)
Mensaje Y / 01:00:00:000 / top(01) / wout1 /      1.00000 para Root(00)
Mensaje D / 01:00:00:000 / top(01) / 01:00:00:000 para Root(00)
Mensaje X / 01:10:00:000 / Root(00) / win1 /     -1.00000 para top(01)
Mensaje X / 01:10:00:000 / top(01) / win1 /     -1.00000 para warehouse(02)
Mensaje D / 01:10:00:000 / warehouse(02) / 00:50:00:000 para top(01)
Mensaje D / 01:10:00:000 / top(01) / 00:50:00:000 para Root(00)
Mensaje * / 02:00:00:000 / Root(00) para top(01)
Mensaje * / 02:00:00:000 / top(01) para warehouse(02)
Mensaje Y / 02:00:00:000 / warehouse(02) / wout1 /      1.00000 para top(01)
Mensaje D / 02:00:00:000 / warehouse(02) / 01:00:00:000 para top(01)
Mensaje Y / 02:00:00:000 / top(01) / wout1 /      1.00000 para Root(00)
Mensaje D / 02:00:00:000 / top(01) / 01:00:00:000 para Root(00)
Mensaje * / 03:00:00:000 / Root(00) para top(01)
Mensaje * / 03:00:00:000 / top(01) para warehouse(02)
Mensaje Y / 03:00:00:000 / warehouse(02) / wout1 /      1.00000 para top(01)
Mensaje D / 03:00:00:000 / warehouse(02) / 01:00:00:000 para top(01)
Mensaje Y / 03:00:00:000 / top(01) / wout1 /      1.00000 para Root(00)
Mensaje D / 03:00:00:000 / top(01) / 01:00:00:000 para Root(00)
Mensaje * / 04:00:00:000 / Root(00) para top(01)
Mensaje * / 04:00:00:000 / top(01) para warehouse(02)
Mensaje Y / 04:00:00:000 / warehouse(02) / wout1 /      1.00000 para top(01)
Mensaje D / 04:00:00:000 / warehouse(02) / 01:00:00:000 para top(01)
Mensaje Y / 04:00:00:000 / top(01) / wout1 /      1.00000 para Root(00)
Mensaje D / 04:00:00:000 / top(01) / 01:00:00:000 para Root(00)
Mensaje * / 05:00:00:000 / Root(00) para top(01)
Mensaje * / 05:00:00:000 / top(01) para warehouse(02)
Mensaje Y / 05:00:00:000 / warehouse(02) / wout1 /      1.00000 para top(01)
Mensaje D / 05:00:00:000 / warehouse(02) / 01:00:00:000 para top(01)
Mensaje Y / 05:00:00:000 / top(01) / wout1 /      1.00000 para Root(00)
Mensaje D / 05:00:00:000 / top(01) / 01:00:00:000 para Root(00)
Mensaje * / 06:00:00:000 / Root(00) para top(01)
Mensaje * / 06:00:00:000 / top(01) para warehouse(02)
Mensaje Y / 06:00:00:000 / warehouse(02) / wout1 /      1.00000 para top(01)
Mensaje D / 06:00:00:000 / warehouse(02) / 01:00:00:000 para top(01)
Mensaje Y / 06:00:00:000 / top(01) / wout1 /      1.00000 para Root(00)
Mensaje D / 06:00:00:000 / top(01) / 01:00:00:000 para Root(00)
Mensaje * / 07:00:00:000 / Root(00) para top(01)
Mensaje * / 07:00:00:000 / top(01) para warehouse(02)
Mensaje Y / 07:00:00:000 / warehouse(02) / wout1 /      1.00000 para top(01)
Mensaje D / 07:00:00:000 / warehouse(02) / 01:00:00:000 para top(01)
Mensaje Y / 07:00:00:000 / top(01) / wout1 /      1.00000 para Root(00)
Mensaje D / 07:00:00:000 / top(01) / 01:00:00:000 para Root(00)
Mensaje * / 08:00:00:000 / Root(00) para top(01)
Mensaje * / 08:00:00:000 / top(01) para warehouse(02)
Mensaje Y / 08:00:00:000 / warehouse(02) / wout1 /      1.00000 para top(01)
Mensaje D / 08:00:00:000 / warehouse(02) / 01:00:00:000 para top(01)
Mensaje Y / 08:00:00:000 / top(01) / wout1 /      1.00000 para Root(00)
Mensaje D / 08:00:00:000 / top(01) / 01:00:00:000 para Root(00)
Mensaje * / 09:00:00:000 / Root(00) para top(01)
Mensaje * / 09:00:00:000 / top(01) para warehouse(02)
Mensaje Y / 09:00:00:000 / warehouse(02) / wout1 /      1.00000 para top(01)
Mensaje D / 09:00:00:000 / warehouse(02) / 01:00:00:000 para top(01)
Mensaje Y / 09:00:00:000 / top(01) / wout1 /      1.00000 para Root(00)
Mensaje D / 09:00:00:000 / top(01) / 01:00:00:000 para Root(00)
Mensaje * / 10:00:00:000 / Root(00) para top(01)
Mensaje * / 10:00:00:000 / top(01) para warehouse(02)
Mensaje Y / 10:00:00:000 / warehouse(02) / wout1 /      1.00000 para top(01)
Mensaje Y / 10:00:00:000 / warehouse(02) / wout2 /      1.00000 para top(01)
Mensaje D / 10:00:00:000 / warehouse(02) / ... para top(01)
Mensaje Y / 10:00:00:000 / top(01) / wout1 /      1.00000 para Root(00)
Mensaje Y / 10:00:00:000 / top(01) / wout2 /      1.00000 para Root(00)
Mensaje D / 10:00:00:000 / top(01) / ... para Root(00)
