Mensaje I / 00:00:00:000 / Root(00) para top(01)
Mensaje I / 00:00:00:000 / top(01) para warehouse(02)
Mensaje D / 00:00:00:000 / warehouse(02) / ... para top(01)
Mensaje D / 00:00:00:000 / top(01) / ... para Root(00)
Mensaje X / 00:00:00:000 / Root(00) / win1 /      3.00000 para top(01)
Mensaje X / 00:00:00:000 / top(01) / win1 /      3.00000 para warehouse(02)
Mensaje D / 00:00:00:000 / warehouse(02) / 01:00:00:000 para top(01)
Mensaje D / 00:00:00:000 / top(01) / 01:00:00:000 para Root(00)
Mensaje * / 01:00:00:000 / Root(00) para top(01)
Mensaje * / 01:00:00:000 / top(01) para warehouse(02)
Mensaje Y / 01:00:00:000 / warehouse(02) / wout1 /      1.00000 para top(01)
Mensaje D / 01:00:00:000 / warehouse(02) / 01:00:00:000 para top(01)
Mensaje Y / 01:00:00:000 / top(01) / wout1 /      1.00000 para Root(00)
Mensaje D / 01:00:00:000 / top(01) / 01:00:00:000 para Root(00)
Mensaje X / 01:10:00:000 / Root(00) / win3 /     -1.00000 para top(01)
Mensaje X / 01:10:00:000 / top(01) / win3 /     -1.00000 para warehouse(02)
Mensaje D / 01:10:00:000 / warehouse(02) / ... para top(01)
Mensaje D / 01:10:00:000 / top(01) / ... para Root(00)
Mensaje X / 03:00:00:000 / Root(00) / win3 /      1.00000 para top(01)
Mensaje X / 03:00:00:000 / top(01) / win3 /      1.00000 para warehouse(02)
Mensaje D / 03:00:00:000 / warehouse(02) / 01:00:00:000 para top(01)
Mensaje D / 03:00:00:000 / top(01) / 01:00:00:000 para Root(00)
Mensaje X / 03:30:00:000 / Root(00) / win2 /     -1.00000 para top(01)
Mensaje X / 03:30:00:000 / top(01) / win2 /     -1.00000 para warehouse(02)
Mensaje D / 03:30:00:000 / warehouse(02) / ... para top(01)
Mensaje D / 03:30:00:000 / top(01) / ... para Root(00)
Mensaje X / 05:00:00:000 / Root(00) / win2 /      1.00000 para top(01)
Mensaje X / 05:00:00:000 / top(01) / win2 /      1.00000 para warehouse(02)
Mensaje D / 05:00:00:000 / warehouse(02) / 01:00:00:000 para top(01)
Mensaje D / 05:00:00:000 / top(01) / 01:00:00:000 para Root(00)
Mensaje * / 06:00:00:000 / Root(00) para top(01)
Mensaje * / 06:00:00:000 / top(01) para warehouse(02)
Mensaje Y / 06:00:00:000 / warehouse(02) / wout1 /      1.00000 para top(01)
Mensaje D / 06:00:00:000 / warehouse(02) / 01:00:00:000 para top(01)
Mensaje Y / 06:00:00:000 / top(01) / wout1 /      1.00000 para Root(00)
Mensaje D / 06:00:00:000 / top(01) / 01:00:00:000 para Root(00)
Mensaje * / 07:00:00:000 / Root(00) para top(01)
Mensaje * / 07:00:00:000 / top(01) para warehouse(02)
Mensaje Y / 07:00:00:000 / warehouse(02) / wout1 /      1.00000 para top(01)
Mensaje Y / 07:00:00:000 / warehouse(02) / wout2 /      1.00000 para top(01)
Mensaje D / 07:00:00:000 / warehouse(02) / ... para top(01)
Mensaje Y / 07:00:00:000 / top(01) / wout1 /      1.00000 para Root(00)
Mensaje Y / 07:00:00:000 / top(01) / wout2 /      1.00000 para Root(00)
Mensaje D / 07:00:00:000 / top(01) / ... para Root(00)
